[debug] [2023-04-27T10:00:42.134Z] ----------------------------------------------------------------------
[debug] [2023-04-27T10:00:42.136Z] Command:       C:\Program Files\nodejs\node.exe C:\Users\User\AppData\Roaming\npm\node_modules\firebase-tools\lib\bin\firebase.js init
[debug] [2023-04-27T10:00:42.137Z] CLI Version:   11.23.1
[debug] [2023-04-27T10:00:42.137Z] Platform:      win32
[debug] [2023-04-27T10:00:42.137Z] Node Version:  v16.16.0
[debug] [2023-04-27T10:00:42.139Z] Time:          Thu Apr 27 2023 13:00:42 GMT+0300 (Восточная Европа, летнее время)
[debug] [2023-04-27T10:00:42.140Z] ----------------------------------------------------------------------
[debug] 
[debug] [2023-04-27T10:00:42.144Z] >>> [apiv2][query] GET https://firebase-public.firebaseio.com/cli.json [none]
[debug] [2023-04-27T10:00:42.168Z] > command requires scopes: ["email","openid","https://www.googleapis.com/auth/cloudplatformprojects.readonly","https://www.googleapis.com/auth/firebase","https://www.googleapis.com/auth/cloud-platform"]
[debug] [2023-04-27T10:00:42.168Z] > authorizing via signed-in user (workinvs@gmail.com)
[info] 
     ######## #### ########  ######## ########     ###     ######  ########
     ##        ##  ##     ## ##       ##     ##  ##   ##  ##       ##
     ######    ##  ########  ######   ########  #########  ######  ######
     ##        ##  ##    ##  ##       ##     ## ##     ##       ## ##
     ##       #### ##     ## ######## ########  ##     ##  ######  ########

You're about to initialize a Firebase project in this directory:

  C:\Users\User\Desktop\midjourney-api-demo-starter\hosting

[debug] [2023-04-27T10:00:42.551Z] <<< [apiv2][status] GET https://firebase-public.firebaseio.com/cli.json 200
[debug] [2023-04-27T10:00:42.551Z] <<< [apiv2][body] GET https://firebase-public.firebaseio.com/cli.json {"cloudBuildErrorAfter":1594252800000,"cloudBuildWarnAfter":1590019200000,"defaultNode10After":1594252800000,"minVersion":"3.0.5","node8DeploysDisabledAfter":1613390400000,"node8RuntimeDisabledAfter":1615809600000,"node8WarnAfter":1600128000000}
